Started at Sat Apr 16 15:43:53 UTC 2022
FATAL: connect timed out
[8mha:////4NlrFOSUtO2OS/+6Ro8N94ygCvv7m3BMuOCOtNjU5A74AAAAVx+LCAAAAAAAAP9b85aBtbiIQSmjNKU4P08vOT+vOD8nVc8DzHWtSE4tKMnMz/PLL0mV3NWzufebKBsTA0NFEYMUmgZnCA1SyAABjCCFBQC2xNaiYAAAAA==[0mjava.net.SocketTimeoutException: connect timed out
	at java.net.PlainSocketImpl.socketConnect(Native Method)
	at java.net.AbstractPlainSocketImpl.doConnect(AbstractPlainSocketImpl.java:350)
	at java.net.AbstractPlainSocketImpl.connectToAddress(AbstractPlainSocketImpl.java:206)
	at java.net.AbstractPlainSocketImpl.connect(AbstractPlainSocketImpl.java:188)
	at java.net.SocksSocketImpl.connect(SocksSocketImpl.java:392)
	at java.net.Socket.connect(Socket.java:589)
	at sun.net.NetworkClient.doConnect(NetworkClient.java:175)
	at sun.net.www.http.HttpClient.openServer(HttpClient.java:463)
	at sun.net.www.http.HttpClient.openServer(HttpClient.java:558)
	at sun.net.www.http.HttpClient.<init>(HttpClient.java:242)
	at sun.net.www.http.HttpClient.New(HttpClient.java:339)
	at sun.net.www.http.HttpClient.New(HttpClient.java:357)
	at sun.net.www.protocol.http.HttpURLConnection.getNewHttpClient(HttpURLConnection.java:1220)
	at sun.net.www.protocol.http.HttpURLConnection.plainConnect0(HttpURLConnection.java:1156)
	at sun.net.www.protocol.http.HttpURLConnection.plainConnect(HttpURLConnection.java:1050)
	at sun.net.www.protocol.http.HttpURLConnection.connect(HttpURLConnection.java:984)
	at sun.net.www.protocol.http.HttpURLConnection.getInputStream0(HttpURLConnection.java:1564)
	at sun.net.www.protocol.http.HttpURLConnection.getInputStream(HttpURLConnection.java:1492)
	at hudson.model.DownloadService.loadJSON(DownloadService.java:172)
	at hudson.model.UpdateSite.updateDirectlyNow(UpdateSite.java:190)
	at hudson.PluginManager.doCheckUpdatesServer(PluginManager.java:1632)
	at jenkins.model.DownloadSettings$DailyCheck.execute(DownloadSettings.java:131)
	at hudson.model.AsyncPeriodicWork$1.run(AsyncPeriodicWork.java:101)
	at java.lang.Thread.run(Thread.java:748)
Finished at Sat Apr 16 15:44:13 UTC 2022. 20122ms
